<?xml version="1.0" encoding="UTF-8"?>
<testsuite name="Compra de Productos" tests="1" skipped="0" failures="0" errors="0" timestamp="2022-06-15T18:58:03" hostname="DELL_HUAN" time="34.476">
  <properties/>
  <testcase name="Compra exitosa" classname="Compra de Productos" time="34.476"/>
  <system-out><![CDATA[]]></system-out>
  <system-err><![CDATA[Jun 15, 2022 1:58:04 PM org.openqa.selenium.remote.DesiredCapabilities chrome
INFO: Using `new ChromeOptions()` is preferred to `DesiredCapabilities.chrome()`
Starting ChromeDriver 102.0.5005.61 (0e59bcc00cc4985ce39ad31c150065f159d95ad3-refs/branch-heads/5005@{#819}) on port 41280
Only local connections are allowed.
Please see https://chromedriver.chromium.org/security-considerations for suggestions on keeping ChromeDriver safe.
ChromeDriver was started successfully.
Jun 15, 2022 1:58:07 PM org.openqa.selenium.remote.ProtocolHandshake createSession
INFO: Detected dialect: W3C
]]></system-err>
</testsuite>
